<?xml version="1.0" encoding="UTF-8"?>
<!-- Generated by org.testng.reporters.JUnitReportReporter -->
<testsuite hostname="lin80018124" failures="0" tests="1" name="org.example.Problem2_Test" time="10.860" errors="0" timestamp="2023-02-09T17:24:56 IST" skipped="0">
  <testcase classname="org.example.Problem2_Test" name="testcase" time="10.860"/>
  <system-out/>
</testsuite> <!-- org.example.Problem2_Test -->
