<?xml version="1.0" encoding="UTF-8"?>
<!-- Generated by org.testng.reporters.JUnitReportReporter -->
<testsuite hostname="lin80018124" failures="0" tests="1" name="org.example.Problem1" time="13.663" errors="0" timestamp="2023-02-09T17:22:11 IST" skipped="0">
  <testcase classname="org.example.Problem1" name="Fillform" time="13.663"/>
  <system-out/>
</testsuite> <!-- org.example.Problem1 -->
